<?xml version="1.0" encoding="UTF-8"?>
<!-- Generated by org.testng.reporters.JUnitXMLReporter -->
<testsuite hostname="SEW-APAC-619" name="Default test" tests="3" failures="0" timestamp="18 Aug 2021 13:46:38 GMT" time="1.952" errors="0">
  <testcase name="printStream" time="1.488" classname="com.learnings.lambda.Lambda2"/>
  <testcase name="stremMap" time="0.086" classname="com.learnings.lambda.Lambda2"/>
  <testcase name="stremMapSorted" time="0.037" classname="com.learnings.lambda.Lambda2"/>
</testsuite> <!-- Default test -->
