<?xml version="1.0" encoding="UTF-8"?>
<!-- Generated by org.testng.reporters.JUnitXMLReporter -->
<testsuite hostname="SEW-APAC-619" name="Mac OS" tests="4" failures="0" timestamp="30 Sep 2021 10:59:07 GMT" time="0.06" errors="0">
  <testcase name="showWeb" time="0.004" classname="com.learnings.testng.MacValidations"/>
  <testcase name="showWeb1" time="0.0" classname="com.learnings.testng.MacValidations">
    <skipped/>
  </testcase> <!-- showWeb1 -->
  <testcase name="showMob1" time="0.004" classname="com.learnings.testng.MacValidations"/>
  <testcase name="showMob" time="0.0" classname="com.learnings.testng.MacValidations">
    <skipped/>
  </testcase> <!-- showMob -->
</testsuite> <!-- Mac OS -->
