<?xml version="1.0" encoding="UTF-8"?>
<!-- Generated by org.testng.reporters.JUnitXMLReporter -->
<testsuite hostname="SEW-APAC-619" name="Test" tests="4" failures="0" timestamp="28 Sep 2021 10:04:04 GMT" time="0.054" errors="0">
  <testcase name="showMob" time="0.016" classname="com.learnings.testng.TestValidations"/>
  <testcase name="showMob1" time="0.002" classname="com.learnings.testng.TestValidations"/>
  <testcase name="showWeb" time="0.002" classname="com.learnings.testng.TestValidations"/>
  <testcase name="showWeb1" time="0.001" classname="com.learnings.testng.TestValidations"/>
</testsuite> <!-- Test -->
