<?xml version="1.0" encoding="UTF-8"?>
<!-- Generated by org.testng.reporters.JUnitXMLReporter -->
<testsuite hostname="SEW-APAC-619" name="Window OS" tests="4" failures="0" timestamp="30 Sep 2021 10:59:07 GMT" time="0.056" errors="0">
  <testcase name="showMob" time="0.015" classname="com.learnings.testng.WindowsValidations"/>
  <testcase name="showMob1" time="0.002" classname="com.learnings.testng.WindowsValidations"/>
  <testcase name="showWeb" time="0.002" classname="com.learnings.testng.WindowsValidations"/>
  <testcase name="showWeb1" time="0.002" classname="com.learnings.testng.WindowsValidations"/>
</testsuite> <!-- Window OS -->
