<?xml version="1.0" encoding="UTF-8"?>
<!-- Generated by org.testng.reporters.JUnitXMLReporter -->
<testsuite hostname="SEW-APAC-619" name="Window OS" tests="8" failures="0" timestamp="28 Sep 2021 10:23:48 GMT" time="0.117" errors="0">
  <testcase name="showMob" time="0.02" classname="com.learnings.testng.MacValidations"/>
  <testcase name="showMob1" time="0.003" classname="com.learnings.testng.MacValidations"/>
  <testcase name="showWeb" time="0.002" classname="com.learnings.testng.MacValidations"/>
  <testcase name="showWeb1" time="0.002" classname="com.learnings.testng.MacValidations"/>
  <testcase name="showMob" time="0.007" classname="com.learnings.testng.WindowsValidations"/>
  <testcase name="showMob1" time="0.005" classname="com.learnings.testng.WindowsValidations"/>
  <testcase name="showWeb" time="0.006" classname="com.learnings.testng.WindowsValidations"/>
  <testcase name="showWeb1" time="0.002" classname="com.learnings.testng.WindowsValidations"/>
</testsuite> <!-- Window OS -->
