<?xml version="1.0" encoding="UTF-8"?>
<testng-results skipped="0" failed="0" total="3" passed="3">
  <reporter-output>
  </reporter-output>
  <suite name="Default suite" duration-ms="119" started-at="2021-08-12T07:21:07Z" finished-at="2021-08-12T07:21:07Z">
    <groups>
    </groups>
    <test name="Default test" duration-ms="119" started-at="2021-08-12T07:21:07Z" finished-at="2021-08-12T07:21:07Z">
      <class name="com.learnings.docker.DataProviderTesting">
        <test-method status="PASS" signature="getTest(java.lang.String, java.lang.String, java.lang.String)[pri:0, instance:com.learnings.docker.DataProviderTesting@4f970963]" name="getTest" duration-ms="19" started-at="2021-08-12T12:51:07Z" data-provider="TestData" finished-at="2021-08-12T12:51:07Z">
          <params>
            <param index="0">
              <value>
                <![CDATA[Ranjit]]>
              </value>
            </param>
            <param index="1">
              <value>
                <![CDATA[Biswal]]>
              </value>
            </param>
            <param index="2">
              <value>
                <![CDATA[Odisha]]>
              </value>
            </param>
          </params>
          <reporter-output>
          </reporter-output>
        </test-method> <!-- getTest -->
        <test-method status="PASS" signature="getTest(java.lang.String, java.lang.String, java.lang.String)[pri:0, instance:com.learnings.docker.DataProviderTesting@4f970963]" name="getTest" duration-ms="18" started-at="2021-08-12T12:51:07Z" data-provider="TestData" finished-at="2021-08-12T12:51:07Z">
          <params>
            <param index="0">
              <value>
                <![CDATA[Alok]]>
              </value>
            </param>
            <param index="1">
              <value>
                <![CDATA[Mehra]]>
              </value>
            </param>
            <param index="2">
              <value>
                <![CDATA[UP]]>
              </value>
            </param>
          </params>
          <reporter-output>
          </reporter-output>
        </test-method> <!-- getTest -->
        <test-method status="PASS" signature="getTest(java.lang.String, java.lang.String, java.lang.String)[pri:0, instance:com.learnings.docker.DataProviderTesting@4f970963]" name="getTest" duration-ms="2" started-at="2021-08-12T12:51:07Z" data-provider="TestData" finished-at="2021-08-12T12:51:07Z">
          <params>
            <param index="0">
              <value>
                <![CDATA[Mohan]]>
              </value>
            </param>
            <param index="1">
              <value>
                <![CDATA[Singh]]>
              </value>
            </param>
            <param index="2">
              <value>
                <![CDATA[MP]]>
              </value>
            </param>
          </params>
          <reporter-output>
          </reporter-output>
        </test-method> <!-- getTest -->
      </class> <!-- com.learnings.docker.DataProviderTesting -->
    </test> <!-- Default test -->
  </suite> <!-- Default suite -->
</testng-results>
