<?xml version="1.0" encoding="UTF-8"?>
<testng-results skipped="0" failed="0" total="3" passed="3">
  <reporter-output>
  </reporter-output>
  <suite name="Default suite" duration-ms="1952" started-at="2021-08-18T13:46:35Z" finished-at="2021-08-18T13:46:37Z">
    <groups>
    </groups>
    <test name="Default test" duration-ms="1952" started-at="2021-08-18T13:46:35Z" finished-at="2021-08-18T13:46:37Z">
      <class name="com.learnings.lambda.Lambda2">
        <test-method status="PASS" signature="printStream()[pri:0, instance:com.learnings.lambda.Lambda2@2b9627bc]" name="printStream" duration-ms="1488" started-at="2021-08-18T19:16:35Z" finished-at="2021-08-18T19:16:37Z">
          <reporter-output>
          </reporter-output>
        </test-method> <!-- printStream -->
        <test-method status="PASS" signature="stremMap()[pri:0, instance:com.learnings.lambda.Lambda2@2b9627bc]" name="stremMap" duration-ms="86" started-at="2021-08-18T19:16:37Z" finished-at="2021-08-18T19:16:37Z">
          <reporter-output>
          </reporter-output>
        </test-method> <!-- stremMap -->
        <test-method status="PASS" signature="stremMapSorted()[pri:0, instance:com.learnings.lambda.Lambda2@2b9627bc]" name="stremMapSorted" duration-ms="37" started-at="2021-08-18T19:16:37Z" finished-at="2021-08-18T19:16:37Z">
          <reporter-output>
          </reporter-output>
        </test-method> <!-- stremMapSorted -->
      </class> <!-- com.learnings.lambda.Lambda2 -->
    </test> <!-- Default test -->
  </suite> <!-- Default suite -->
</testng-results>
